<?xml version="1.0" encoding="UTF-8"?>
<testsuite name="powerpackage.PowerFinderTest" tests="4" skipped="0" failures="0" errors="0" timestamp="2022-02-11T14:16:44" hostname="rasheed-HP-348-G4" time="0.002">
  <properties/>
  <testcase name="two_raised_to_one_is_two" classname="powerpackage.PowerFinderTest" time="0.001"/>
  <testcase name="one_raised_to_one_is_one" classname="powerpackage.PowerFinderTest" time="0.0"/>
  <testcase name="two_raised_to_two_is_four" classname="powerpackage.PowerFinderTest" time="0.0"/>
  <testcase name="three_raised_to_two_is_nine" classname="powerpackage.PowerFinderTest" time="0.0"/>
  <system-out><![CDATA[]]></system-out>
  <system-err><![CDATA[]]></system-err>
</testsuite>
